2023-04-13 01:06:36 INFO  org.example.threads.ReadCache {1}:24 Reader_1 - Данные кэша
Кэш пуст
2023-04-13 01:06:36 INFO  org.example.threads.ReadCache {1}:24 Reader_9 - Данные кэша
Кэш пуст
2023-04-13 01:06:36 INFO  org.example.threads.ReadCache {1}:24 Reader_8 - Данные кэша
Кэш пуст
2023-04-13 01:06:36 INFO  org.example.threads.ReadCache {1}:24 Reader_6 - Данные кэша
Кэш пуст
2023-04-13 01:06:36 INFO  org.example.threads.ReadCache {1}:24 Reader_5 - Данные кэша
Кэш пуст
2023-04-13 01:06:36 INFO  org.example.threads.ReadCache {1}:24 Reader_0 - Данные кэша
Кэш пуст
2023-04-13 01:06:36 INFO  org.example.threads.ReadCache {1}:24 Reader_2 - Данные кэша
Кэш пуст
2023-04-13 01:06:36 INFO  org.example.threads.ReadCache {1}:24 Reader_3 - Данные кэша
Кэш пуст
2023-04-13 01:06:36 INFO  org.example.threads.ReadCache {1}:24 Reader_4 - Данные кэша
Кэш пуст
2023-04-13 01:06:36 INFO  org.example.threads.ReadCache {1}:24 Reader_7 - Данные кэша
Кэш пуст
2023-04-13 01:06:36 INFO  org.example.threads.WriteCache {1}:46 Writer_0 - Добавление записи
Добавлена запись: 
 Key № 5:
	 value: v2 
	 price: 1111 

 Cache size: 5 / 4 

2023-04-13 01:06:37 INFO  org.example.threads.ReadCache {1}:24 Reader_1 - Данные кэша

 Key № 5:
	 value: v2 
	 price: 1111 

 Cache size: 5 / 4 

2023-04-13 01:06:37 INFO  org.example.threads.ReadCache {1}:24 Reader_5 - Данные кэша

 Key № 5:
	 value: v2 
	 price: 1111 

 Cache size: 5 / 4 

2023-04-13 01:06:37 INFO  org.example.threads.ReadCache {1}:24 Reader_6 - Данные кэша

 Key № 5:
	 value: v2 
	 price: 1111 

 Cache size: 5 / 4 

2023-04-13 01:06:37 INFO  org.example.threads.ReadCache {1}:24 Reader_8 - Данные кэша

 Key № 5:
	 value: v2 
	 price: 1111 

 Cache size: 5 / 4 

2023-04-13 01:06:37 INFO  org.example.threads.ReadCache {1}:24 Reader_9 - Данные кэша

 Key № 5:
	 value: v2 
	 price: 1111 

 Cache size: 5 / 4 

2023-04-13 01:06:37 INFO  org.example.threads.ReadCache {1}:24 Reader_0 - Данные кэша

 Key № 5:
	 value: v2 
	 price: 1111 

 Cache size: 5 / 4 

2023-04-13 01:06:37 INFO  org.example.threads.ReadCache {1}:24 Reader_4 - Данные кэша

 Key № 5:
	 value: v2 
	 price: 1111 

 Cache size: 5 / 4 

2023-04-13 01:06:37 INFO  org.example.threads.ReadCache {1}:24 Reader_2 - Данные кэша

 Key № 5:
	 value: v2 
	 price: 1111 

 Cache size: 5 / 4 

2023-04-13 01:06:37 INFO  org.example.threads.ReadCache {1}:24 Reader_7 - Данные кэша

 Key № 5:
	 value: v2 
	 price: 1111 

 Cache size: 5 / 4 

2023-04-13 01:06:37 INFO  org.example.threads.ReadCache {1}:24 Reader_3 - Данные кэша

 Key № 5:
	 value: v2 
	 price: 1111 

 Cache size: 5 / 4 

2023-04-13 01:06:38 INFO  org.example.threads.ReadCache {1}:24 Reader_6 - Данные кэша

 Key № 5:
	 value: v2 
	 price: 1111 

 Cache size: 5 / 4 

2023-04-13 01:06:38 INFO  org.example.threads.ReadCache {1}:24 Reader_5 - Данные кэша

 Key № 5:
	 value: v2 
	 price: 1111 

 Cache size: 5 / 4 

2023-04-13 01:06:38 INFO  org.example.threads.ReadCache {1}:24 Reader_8 - Данные кэша

 Key № 5:
	 value: v2 
	 price: 1111 

 Cache size: 5 / 4 

2023-04-13 01:06:38 INFO  org.example.threads.ReadCache {1}:24 Reader_1 - Данные кэша

 Key № 5:
	 value: v2 
	 price: 1111 

 Cache size: 5 / 4 

2023-04-13 01:06:38 INFO  org.example.threads.ReadCache {1}:24 Reader_0 - Данные кэша

 Key № 5:
	 value: v2 
	 price: 1111 

 Cache size: 5 / 4 

2023-04-13 01:06:38 INFO  org.example.threads.ReadCache {1}:24 Reader_9 - Данные кэша

 Key № 5:
	 value: v2 
	 price: 1111 

 Cache size: 5 / 4 

2023-04-13 01:06:38 INFO  org.example.threads.ReadCache {1}:24 Reader_4 - Данные кэша

 Key № 5:
	 value: v2 
	 price: 1111 

 Cache size: 5 / 4 

2023-04-13 01:06:38 INFO  org.example.threads.ReadCache {1}:24 Reader_2 - Данные кэша

 Key № 5:
	 value: v2 
	 price: 1111 

 Cache size: 5 / 4 

2023-04-13 01:06:38 INFO  org.example.threads.ReadCache {1}:24 Reader_3 - Данные кэша

 Key № 5:
	 value: v2 
	 price: 1111 

 Cache size: 5 / 4 

2023-04-13 01:06:38 INFO  org.example.threads.ReadCache {1}:24 Reader_7 - Данные кэша

 Key № 5:
	 value: v2 
	 price: 1111 

 Cache size: 5 / 4 

2023-04-13 01:06:39 INFO  org.example.threads.ReadCache {1}:24 Reader_8 - Данные кэша

 Key № 5:
	 value: v2 
	 price: 1111 

 Cache size: 5 / 4 

2023-04-13 01:06:39 INFO  org.example.threads.ReadCache {1}:24 Reader_5 - Данные кэша

 Key № 5:
	 value: v2 
	 price: 1111 

 Cache size: 5 / 4 

2023-04-13 01:06:39 INFO  org.example.threads.ReadCache {1}:24 Reader_6 - Данные кэша

 Key № 5:
	 value: v2 
	 price: 1111 

 Cache size: 5 / 4 

2023-04-13 01:06:39 INFO  org.example.threads.ReadCache {1}:24 Reader_1 - Данные кэша

 Key № 5:
	 value: v2 
	 price: 1111 

 Cache size: 5 / 4 

2023-04-13 01:06:39 INFO  org.example.threads.ReadCache {1}:24 Reader_0 - Данные кэша

 Key № 5:
	 value: v2 
	 price: 1111 

 Cache size: 5 / 4 

2023-04-13 01:06:39 INFO  org.example.threads.ReadCache {1}:24 Reader_7 - Данные кэша

 Key № 5:
	 value: v2 
	 price: 1111 

 Cache size: 5 / 4 

2023-04-13 01:06:39 INFO  org.example.threads.ReadCache {1}:24 Reader_9 - Данные кэша

 Key № 5:
	 value: v2 
	 price: 1111 

 Cache size: 5 / 4 

2023-04-13 01:06:39 INFO  org.example.threads.ReadCache {1}:24 Reader_2 - Данные кэша

 Key № 5:
	 value: v2 
	 price: 1111 

 Cache size: 5 / 4 

2023-04-13 01:06:39 INFO  org.example.threads.ReadCache {1}:24 Reader_3 - Данные кэша

 Key № 5:
	 value: v2 
	 price: 1111 

 Cache size: 5 / 4 

2023-04-13 01:06:39 INFO  org.example.threads.ReadCache {1}:24 Reader_4 - Данные кэша

 Key № 5:
	 value: v2 
	 price: 1111 

 Cache size: 5 / 4 

2023-04-13 01:06:40 INFO  org.example.threads.ReadCache {1}:24 Reader_5 - Данные кэша

 Key № 5:
	 value: v2 
	 price: 1111 

 Cache size: 5 / 4 

2023-04-13 01:06:40 INFO  org.example.threads.ReadCache {1}:24 Reader_8 - Данные кэша

 Key № 5:
	 value: v2 
	 price: 1111 

 Cache size: 5 / 4 

2023-04-13 01:06:40 INFO  org.example.threads.ReadCache {1}:24 Reader_1 - Данные кэша

 Key № 5:
	 value: v2 
	 price: 1111 

 Cache size: 5 / 4 

2023-04-13 01:06:40 INFO  org.example.threads.ReadCache {1}:24 Reader_6 - Данные кэша

 Key № 5:
	 value: v2 
	 price: 1111 

 Cache size: 5 / 4 

2023-04-13 01:06:40 INFO  org.example.threads.ReadCache {1}:24 Reader_2 - Данные кэша

 Key № 5:
	 value: v2 
	 price: 1111 

 Cache size: 5 / 4 

2023-04-13 01:06:40 INFO  org.example.threads.ReadCache {1}:24 Reader_4 - Данные кэша

 Key № 5:
	 value: v2 
	 price: 1111 

 Cache size: 5 / 4 

2023-04-13 01:06:40 INFO  org.example.threads.ReadCache {1}:24 Reader_9 - Данные кэша

 Key № 5:
	 value: v2 
	 price: 1111 

 Cache size: 5 / 4 

2023-04-13 01:06:40 INFO  org.example.threads.ReadCache {1}:24 Reader_3 - Данные кэша

 Key № 5:
	 value: v2 
	 price: 1111 

 Cache size: 5 / 4 

2023-04-13 01:06:40 INFO  org.example.threads.ReadCache {1}:24 Reader_7 - Данные кэша

 Key № 5:
	 value: v2 
	 price: 1111 

 Cache size: 5 / 4 

2023-04-13 01:06:40 INFO  org.example.threads.ReadCache {1}:24 Reader_0 - Данные кэша

 Key № 5:
	 value: v2 
	 price: 1111 

 Cache size: 5 / 4 

2023-04-13 01:06:41 INFO  org.example.threads.WriteCache {1}:42 Writer_0 - Добавление записи
Добавлена запись: 
 Key № 2:
	 value: v1 
	 price: 1000 

 Cache size: 5 / 3 

2023-04-13 01:06:41 INFO  org.example.threads.ReadCache {1}:24 Reader_5 - Данные кэша

 Key № 2:
	 value: v1 
	 price: 1000 

 Cache size: 5 / 3 

 Key № 5:
	 value: v2 
	 price: 1111 

 Cache size: 5 / 3 

2023-04-13 01:06:41 INFO  org.example.threads.ReadCache {1}:24 Reader_8 - Данные кэша

 Key № 2:
	 value: v1 
	 price: 1000 

 Cache size: 5 / 3 

 Key № 5:
	 value: v2 
	 price: 1111 

 Cache size: 5 / 3 

2023-04-13 01:06:41 INFO  org.example.threads.ReadCache {1}:24 Reader_1 - Данные кэша

 Key № 2:
	 value: v1 
	 price: 1000 

 Cache size: 5 / 3 

 Key № 5:
	 value: v2 
	 price: 1111 

 Cache size: 5 / 3 

2023-04-13 01:06:41 INFO  org.example.threads.ReadCache {1}:24 Reader_6 - Данные кэша

 Key № 2:
	 value: v1 
	 price: 1000 

 Cache size: 5 / 3 

 Key № 5:
	 value: v2 
	 price: 1111 

 Cache size: 5 / 3 

2023-04-13 01:06:41 INFO  org.example.threads.ReadCache {1}:24 Reader_4 - Данные кэша

 Key № 2:
	 value: v1 
	 price: 1000 

 Cache size: 5 / 3 

 Key № 5:
	 value: v2 
	 price: 1111 

 Cache size: 5 / 3 

2023-04-13 01:06:41 INFO  org.example.threads.ReadCache {1}:24 Reader_2 - Данные кэша

 Key № 2:
	 value: v1 
	 price: 1000 

 Cache size: 5 / 3 

 Key № 5:
	 value: v2 
	 price: 1111 

 Cache size: 5 / 3 

2023-04-13 01:06:41 INFO  org.example.threads.ReadCache {1}:24 Reader_3 - Данные кэша

 Key № 2:
	 value: v1 
	 price: 1000 

 Cache size: 5 / 3 

 Key № 5:
	 value: v2 
	 price: 1111 

 Cache size: 5 / 3 

2023-04-13 01:06:41 INFO  org.example.threads.ReadCache {1}:24 Reader_9 - Данные кэша

 Key № 2:
	 value: v1 
	 price: 1000 

 Cache size: 5 / 3 

 Key № 5:
	 value: v2 
	 price: 1111 

 Cache size: 5 / 3 

2023-04-13 01:06:41 INFO  org.example.threads.ReadCache {1}:24 Reader_0 - Данные кэша

 Key № 2:
	 value: v1 
	 price: 1000 

 Cache size: 5 / 3 

 Key № 5:
	 value: v2 
	 price: 1111 

 Cache size: 5 / 3 

2023-04-13 01:06:41 INFO  org.example.threads.ReadCache {1}:24 Reader_7 - Данные кэша

 Key № 2:
	 value: v1 
	 price: 1000 

 Cache size: 5 / 3 

 Key № 5:
	 value: v2 
	 price: 1111 

 Cache size: 5 / 3 

2023-04-13 01:06:42 INFO  org.example.threads.ReadCache {1}:24 Reader_5 - Данные кэша

 Key № 2:
	 value: v1 
	 price: 1000 

 Cache size: 5 / 3 

 Key № 5:
	 value: v2 
	 price: 1111 

 Cache size: 5 / 3 

2023-04-13 01:06:42 INFO  org.example.threads.ReadCache {1}:24 Reader_1 - Данные кэша

 Key № 2:
	 value: v1 
	 price: 1000 

 Cache size: 5 / 3 

 Key № 5:
	 value: v2 
	 price: 1111 

 Cache size: 5 / 3 

2023-04-13 01:06:42 INFO  org.example.threads.ReadCache {1}:24 Reader_9 - Данные кэша

 Key № 2:
	 value: v1 
	 price: 1000 

 Cache size: 5 / 3 

 Key № 5:
	 value: v2 
	 price: 1111 

 Cache size: 5 / 3 

2023-04-13 01:06:42 INFO  org.example.threads.ReadCache {1}:24 Reader_6 - Данные кэша

 Key № 2:
	 value: v1 
	 price: 1000 

 Cache size: 5 / 3 

 Key № 5:
	 value: v2 
	 price: 1111 

 Cache size: 5 / 3 

2023-04-13 01:06:42 INFO  org.example.threads.ReadCache {1}:24 Reader_8 - Данные кэша

 Key № 2:
	 value: v1 
	 price: 1000 

 Cache size: 5 / 3 

 Key № 5:
	 value: v2 
	 price: 1111 

 Cache size: 5 / 3 

2023-04-13 01:06:42 INFO  org.example.threads.ReadCache {1}:24 Reader_4 - Данные кэша

 Key № 2:
	 value: v1 
	 price: 1000 

 Cache size: 5 / 3 

 Key № 5:
	 value: v2 
	 price: 1111 

 Cache size: 5 / 3 

2023-04-13 01:06:42 INFO  org.example.threads.ReadCache {1}:24 Reader_0 - Данные кэша

 Key № 2:
	 value: v1 
	 price: 1000 

 Cache size: 5 / 3 

 Key № 5:
	 value: v2 
	 price: 1111 

 Cache size: 5 / 3 

2023-04-13 01:06:42 INFO  org.example.threads.ReadCache {1}:24 Reader_3 - Данные кэша

 Key № 2:
	 value: v1 
	 price: 1000 

 Cache size: 5 / 3 

 Key № 5:
	 value: v2 
	 price: 1111 

 Cache size: 5 / 3 

2023-04-13 01:06:42 INFO  org.example.threads.ReadCache {1}:24 Reader_7 - Данные кэша

 Key № 2:
	 value: v1 
	 price: 1000 

 Cache size: 5 / 3 

 Key № 5:
	 value: v2 
	 price: 1111 

 Cache size: 5 / 3 

2023-04-13 01:06:42 INFO  org.example.threads.ReadCache {1}:24 Reader_2 - Данные кэша

 Key № 2:
	 value: v1 
	 price: 1000 

 Cache size: 5 / 3 

 Key № 5:
	 value: v2 
	 price: 1111 

 Cache size: 5 / 3 

2023-04-13 01:06:43 INFO  org.example.threads.ReadCache {1}:32 Reader_4 - Thread Reader_4 was finished
2023-04-13 01:06:43 INFO  org.example.threads.WriteCache {1}:59 Writer_0 - Thread Writer_0 was finished
2023-04-13 01:06:43 INFO  org.example.threads.ReadCache {1}:32 Reader_7 - Thread Reader_7 was finished
2023-04-13 01:06:43 INFO  org.example.threads.ReadCache {1}:32 Reader_1 - Thread Reader_1 was finished
2023-04-13 01:06:43 INFO  org.example.threads.ReadCache {1}:32 Reader_5 - Thread Reader_5 was finished
2023-04-13 01:06:43 INFO  org.example.threads.ReadCache {1}:32 Reader_3 - Thread Reader_3 was finished
2023-04-13 01:06:43 INFO  org.example.threads.ReadCache {1}:32 Reader_0 - Thread Reader_0 was finished
2023-04-13 01:06:43 INFO  org.example.threads.ReadCache {1}:32 Reader_2 - Thread Reader_2 was finished
2023-04-13 01:06:43 INFO  org.example.threads.ReadCache {1}:32 Reader_8 - Thread Reader_8 was finished
2023-04-13 01:06:43 INFO  org.example.threads.ReadCache {1}:32 Reader_6 - Thread Reader_6 was finished
2023-04-13 01:06:43 INFO  org.example.threads.ReadCache {1}:32 Reader_9 - Thread Reader_9 was finished
